<?xml version="1.0" encoding="UTF-8"?>
<!-- Generated by org.testng.reporters.JUnitReportReporter -->
<testsuite hostname="WN20091" failures="0" tests="1" name="TestCases.NewTest" time="29.898" errors="0" timestamp="2022-03-03T17:38:57 CET" skipped="0">
  <testcase classname="TestCases.NewTest" name="f" time="29.898"/>
  <system-out/>
</testsuite> <!-- TestCases.NewTest -->
